-------------------------------------------------------------------------------
Test set: com.portfolio.Maximiliano_Pereira.MaximilianoPereiraApplicationTests
-------------------------------------------------------------------------------
Tests run: 1, Failures: 0, Errors: 1, Skipped: 0, Time elapsed: 17.924 s <<< FAILURE! - in com.portfolio.Maximiliano_Pereira.MaximilianoPereiraApplicationTests
contextLoads  Time elapsed: 0.003 s  <<< ERROR!
java.lang.IllegalStateException: Failed to load ApplicationContext
Caused by: org.springframework.beans.factory.UnsatisfiedDependencyException: Error creating bean with name 'CEducacion': Unsatisfied dependency expressed through field 'sEducacion'; nested exception is org.springframework.beans.factory.UnsatisfiedDependencyException: Error creating bean with name 'seducacion': Unsatisfied dependency expressed through field 'rEducacion'; nested exception is org.springframework.beans.factory.BeanCreationException: Error creating bean with name 'REducacion' defined in com.portfolio.Maximiliano_Pereira.Repository.REducacion defined in @EnableJpaRepositories declared on JpaRepositoriesRegistrar.EnableJpaRepositoriesConfiguration: Invocation of init method failed; nested exception is org.springframework.data.repository.query.QueryCreationException: Could not create query for public abstract boolean com.portfolio.Maximiliano_Pereira.Repository.REducacion.existByNombreE(java.lang.String); Reason: Failed to create query for method public abstract boolean com.portfolio.Maximiliano_Pereira.Repository.REducacion.existByNombreE(java.lang.String)! No property 'existByNombreE' found for type 'Educacion'; nested exception is java.lang.IllegalArgumentException: Failed to create query for method public abstract boolean com.portfolio.Maximiliano_Pereira.Repository.REducacion.existByNombreE(java.lang.String)! No property 'existByNombreE' found for type 'Educacion'
Caused by: org.springframework.beans.factory.UnsatisfiedDependencyException: Error creating bean with name 'seducacion': Unsatisfied dependency expressed through field 'rEducacion'; nested exception is org.springframework.beans.factory.BeanCreationException: Error creating bean with name 'REducacion' defined in com.portfolio.Maximiliano_Pereira.Repository.REducacion defined in @EnableJpaRepositories declared on JpaRepositoriesRegistrar.EnableJpaRepositoriesConfiguration: Invocation of init method failed; nested exception is org.springframework.data.repository.query.QueryCreationException: Could not create query for public abstract boolean com.portfolio.Maximiliano_Pereira.Repository.REducacion.existByNombreE(java.lang.String); Reason: Failed to create query for method public abstract boolean com.portfolio.Maximiliano_Pereira.Repository.REducacion.existByNombreE(java.lang.String)! No property 'existByNombreE' found for type 'Educacion'; nested exception is java.lang.IllegalArgumentException: Failed to create query for method public abstract boolean com.portfolio.Maximiliano_Pereira.Repository.REducacion.existByNombreE(java.lang.String)! No property 'existByNombreE' found for type 'Educacion'
Caused by: org.springframework.beans.factory.BeanCreationException: Error creating bean with name 'REducacion' defined in com.portfolio.Maximiliano_Pereira.Repository.REducacion defined in @EnableJpaRepositories declared on JpaRepositoriesRegistrar.EnableJpaRepositoriesConfiguration: Invocation of init method failed; nested exception is org.springframework.data.repository.query.QueryCreationException: Could not create query for public abstract boolean com.portfolio.Maximiliano_Pereira.Repository.REducacion.existByNombreE(java.lang.String); Reason: Failed to create query for method public abstract boolean com.portfolio.Maximiliano_Pereira.Repository.REducacion.existByNombreE(java.lang.String)! No property 'existByNombreE' found for type 'Educacion'; nested exception is java.lang.IllegalArgumentException: Failed to create query for method public abstract boolean com.portfolio.Maximiliano_Pereira.Repository.REducacion.existByNombreE(java.lang.String)! No property 'existByNombreE' found for type 'Educacion'
Caused by: org.springframework.data.repository.query.QueryCreationException: Could not create query for public abstract boolean com.portfolio.Maximiliano_Pereira.Repository.REducacion.existByNombreE(java.lang.String); Reason: Failed to create query for method public abstract boolean com.portfolio.Maximiliano_Pereira.Repository.REducacion.existByNombreE(java.lang.String)! No property 'existByNombreE' found for type 'Educacion'; nested exception is java.lang.IllegalArgumentException: Failed to create query for method public abstract boolean com.portfolio.Maximiliano_Pereira.Repository.REducacion.existByNombreE(java.lang.String)! No property 'existByNombreE' found for type 'Educacion'
Caused by: java.lang.IllegalArgumentException: Failed to create query for method public abstract boolean com.portfolio.Maximiliano_Pereira.Repository.REducacion.existByNombreE(java.lang.String)! No property 'existByNombreE' found for type 'Educacion'
Caused by: org.springframework.data.mapping.PropertyReferenceException: No property 'existByNombreE' found for type 'Educacion'

